SF:lib\main.dart
DA:3,0
DA:4,0
DA:8,3
DA:11,1
DA:13,1
DA:15,1
DA:33,2
DA:46,1
DA:47,1
DA:53,1
DA:54,2
DA:60,2
DA:64,1
DA:72,1
DA:73,1
DA:76,3
DA:78,1
DA:81,1
DA:97,1
DA:101,1
DA:102,2
DA:103,3
DA:108,1
DA:109,1
LF:24
LH:22
end_of_record
SF:lib\src\queue\domain\entities\queue_entity.dart
DA:10,2
LF:1
LH:1
end_of_record
SF:lib\src\queue\domain\usecases\get_all_queues.dart
DA:11,1
DA:13,1
DA:15,2
LF:3
LH:3
end_of_record
SF:lib\src\queue\domain\value_objects\order.dart
DA:7,3
DA:15,5
LF:2
LH:2
end_of_record
SF:lib\src\queue\infra\adapters\json_to_order.dart
DA:4,3
DA:5,3
DA:6,3
DA:7,3
DA:8,6
DA:10,15
LF:6
LH:6
end_of_record
SF:lib\src\queue\infra\adapters\json_to_queue.dart
DA:5,2
DA:6,2
DA:7,2
DA:8,2
DA:9,2
DA:10,2
DA:11,2
DA:12,6
DA:13,0
LF:9
LH:8
end_of_record
SF:lib\src\queue\infra\repositories\queue_repository.dart
DA:9,1
DA:11,1
DA:13,2
DA:15,2
DA:18,1
DA:19,2
LF:6
LH:6
end_of_record
